<?xml version="1.0" encoding="UTF-8"?>
<robot generator="Robot 7.1.1 (Python 3.12.4 on win32)" generated="2025-07-10T18:53:06.970410" rpa="false" schemaversion="5">
<suite id="s1" name="Test case 02" source="c:\Users\erick\OneDrive\Desktop\Project_02-Tests-Robotframework-Library-Python\Tests\Test_case_02.robot">
<test id="s1-t1" name="Login User with correct email and password" line="9">
<kw name="Open '${URL}' With '${EDGE}'" owner="ResFrontend" source_name="Open '${Url}' With '${Browser}'">
<kw name="Open Url With Browser" owner="LibFrontend">
<msg time="2025-07-10T18:53:07.260725" level="INFO">Opening browser 'edge' to base url 'https://automationexercise.com/'.</msg>
<arg>${url}</arg>
<arg>${browser}</arg>
<status status="PASS" start="2025-07-10T18:53:07.260725" elapsed="3.668405"/>
</kw>
<kw name="Wait Until Element Is Visible" owner="LibFrontend">
<arg>xpath=//p[@class='fc-button-label' and text()='Autoriser']</arg>
<arg>timeout=50</arg>
<doc>Waits until the element ``locator`` is visible.</doc>
<status status="PASS" start="2025-07-10T18:53:10.930636" elapsed="1.021667"/>
</kw>
<kw name="Click Button" owner="LibFrontend">
<msg time="2025-07-10T18:53:13.480709" level="INFO">Clicking element '&lt;selenium.webdriver.remote.webelement.WebElement (session="5a318fd47ad0cb09344a8c483f017f97", element="f.94EF6EC6BA7DF7CD20B658B7351FC63E.d.AE27CB43069D4FDFC1D2D89CFAEE9F5F.e.1572")&gt;'.</msg>
<arg>//p[@class='fc-button-label' and text()='Autoriser']</arg>
<status status="PASS" start="2025-07-10T18:53:11.952303" elapsed="2.129857"/>
</kw>
<status status="PASS" start="2025-07-10T18:53:07.259154" elapsed="6.823006"/>
</kw>
<kw name="Check '${Automation_exercice_xpath}' visibility" owner="ResFrontend" source_name="Check '${Element}' visibility">
<kw name="Is Element Visible" owner="LibFrontend">
<msg time="2025-07-10T18:53:16.669838" level="INFO">Element '//img[@src='/static/images/home/logo.png' and @alt='Website for automation practice']' is displayed.</msg>
<arg>${Element}</arg>
<status status="PASS" start="2025-07-10T18:53:14.084168" elapsed="2.585670"/>
</kw>
<status status="PASS" start="2025-07-10T18:53:14.083172" elapsed="2.587674"/>
</kw>
<kw name="Click '${Signup_Login_xpath}'" owner="ResFrontend" source_name="Click '${Button}'">
<kw name="Click Button" owner="LibFrontend">
<msg time="2025-07-10T18:53:18.233390" level="INFO">Clicking element '&lt;selenium.webdriver.remote.webelement.WebElement (session="5a318fd47ad0cb09344a8c483f017f97", element="f.94EF6EC6BA7DF7CD20B658B7351FC63E.d.AE27CB43069D4FDFC1D2D89CFAEE9F5F.e.423")&gt;'.</msg>
<arg>${Button}</arg>
<status status="PASS" start="2025-07-10T18:53:16.672889" elapsed="3.194821"/>
</kw>
<status status="PASS" start="2025-07-10T18:53:16.671892" elapsed="3.195818"/>
</kw>
<kw name="Check '${Loggin_to_account_xpath}' visibility" owner="ResFrontend" source_name="Check '${Element}' visibility">
<kw name="Is Element Visible" owner="LibFrontend">
<msg time="2025-07-10T18:53:22.426690" level="INFO">Element '//h2[text()='Login to your account']' is displayed.</msg>
<arg>${Element}</arg>
<status status="PASS" start="2025-07-10T18:53:19.869720" elapsed="2.556970"/>
</kw>
<status status="PASS" start="2025-07-10T18:53:19.868721" elapsed="2.557969"/>
</kw>
<kw name="Select '${email_login_field_xpath}' And Enter '${email2}'" owner="ResFrontend" source_name="Select '${Field}' And Enter '${data}'">
<kw name="Enter Credentials" owner="LibFrontend">
<msg time="2025-07-10T18:53:22.943563" level="INFO">Typing text 'erickgratias17@gmail.com' into text field '&lt;selenium.webdriver.remote.webelement.WebElement (session="5a318fd47ad0cb09344a8c483f017f97", element="f.94EF6EC6BA7DF7CD20B658B7351FC63E.d.DD02DA1A32281E28F3723419D64A6659.e.8392")&gt;'.</msg>
<arg>${Field}</arg>
<arg>${data}</arg>
<status status="PASS" start="2025-07-10T18:53:22.428911" elapsed="1.612204"/>
</kw>
<status status="PASS" start="2025-07-10T18:53:22.427933" elapsed="1.613690"/>
</kw>
<kw name="Select '${password_login_field_xpath}' And Enter '${password2}'" owner="ResFrontend" source_name="Select '${Field}' And Enter '${data}'">
<kw name="Enter Credentials" owner="LibFrontend">
<msg time="2025-07-10T18:53:24.555849" level="INFO">Typing text 'Eric1234' into text field '&lt;selenium.webdriver.remote.webelement.WebElement (session="5a318fd47ad0cb09344a8c483f017f97", element="f.94EF6EC6BA7DF7CD20B658B7351FC63E.d.DD02DA1A32281E28F3723419D64A6659.e.8393")&gt;'.</msg>
<arg>${Field}</arg>
<arg>${data}</arg>
<status status="PASS" start="2025-07-10T18:53:24.042893" elapsed="1.588710"/>
</kw>
<status status="PASS" start="2025-07-10T18:53:24.041623" elapsed="1.589980"/>
</kw>
<kw name="Click '${login_xpath}'" owner="ResFrontend" source_name="Click '${Button}'">
<kw name="Click Button" owner="LibFrontend">
<msg time="2025-07-10T18:53:27.164547" level="INFO">Clicking element '&lt;selenium.webdriver.remote.webelement.WebElement (session="5a318fd47ad0cb09344a8c483f017f97", element="f.94EF6EC6BA7DF7CD20B658B7351FC63E.d.DD02DA1A32281E28F3723419D64A6659.e.8400")&gt;'.</msg>
<arg>${Button}</arg>
<status status="PASS" start="2025-07-10T18:53:25.633611" elapsed="4.417174"/>
</kw>
<status status="PASS" start="2025-07-10T18:53:25.632610" elapsed="4.418175"/>
</kw>
<kw name="Check '${Logged_in_as_username_xpath}' visibility" owner="ResFrontend" source_name="Check '${Element}' visibility">
<kw name="Is Element Visible" owner="LibFrontend">
<msg time="2025-07-10T18:53:32.606895" level="INFO">Element '//a[./i[@class='fa fa-user'] and contains(text(), 'Logged in as')]' is displayed.</msg>
<arg>${Element}</arg>
<status status="PASS" start="2025-07-10T18:53:30.052796" elapsed="2.554099"/>
</kw>
<status status="PASS" start="2025-07-10T18:53:30.051798" elapsed="2.555097"/>
</kw>
<status status="PASS" start="2025-07-10T18:53:07.259154" elapsed="25.348754"/>
</test>
<status status="PASS" start="2025-07-10T18:53:06.974823" elapsed="25.635083"/>
</suite>
<statistics>
<total>
<stat pass="1" fail="0" skip="0">All Tests</stat>
</total>
<tag>
</tag>
<suite>
<stat pass="1" fail="0" skip="0" id="s1" name="Test case 02">Test case 02</stat>
</suite>
</statistics>
<errors>
</errors>
</robot>
